# JRE version: OpenJDK Runtime Environment (19.0+36) (build 19+36-2238)
# Java VM: OpenJDK 64-Bit Server VM (19+36-2238, mixed mode, emulated-client, sharing, tiered, compressed oops, compressed class ptrs, g1 gc, windows-amd64)
GC Precious Log:
 CardTable entry size: 512
 Card Set container configuration: InlinePtr #cards 5 size 8 Array Of Cards #cards 12 size 40 Howl #buckets 4 coarsen threshold 1843 Howl Bitmap #cards 512 size 80 coarsen threshold 460 Card regions per heap region 1 cards per card region 2048
 CPUs: 4 total, 4 available
 Memory: 8096M
 Large Page Support: Disabled
 NUMA Support: Disabled
 Compressed Oops: Enabled (32-bit)
 Heap Region Size: 1M
 Heap Min Capacity: 8M
 Heap Initial Capacity: 128M
 Heap Max Capacity: 2026M
 Pre-touch: Disabled
 Parallel Workers: 4
 Concurrent Workers: 1
 Concurrent Refinement Workers: 4
 Periodic GC: Disabled
Heap:
 garbage-first heap   total 99328K, used 61186K [0x0000000081600000, 0x0000000100000000)
  region size 1024K, 33 young (33792K), 1 survivors (1024K)
 Metaspace       used 54597K, committed 55104K, reserved 1114112K
  class space    used 7471K, committed 7680K, reserved 1048576K
GC Heap History (20 events):
Event: 49124.093 GC heap after
{Heap after GC invocations=38 (full 0):
 garbage-first heap   total 99328K, used 28364K [0x0000000081600000, 0x0000000100000000)
  region size 1024K, 1 young (1024K), 1 survivors (1024K)
 Metaspace       used 54494K, committed 55040K, reserved 1114112K
  class space    used 7450K, committed 7680K, reserved 1048576K
}
Event: 50448.734 GC heap before
{Heap before GC invocations=38 (full 0):
 garbage-first heap   total 99328K, used 85708K [0x0000000081600000, 0x0000000100000000)
  region size 1024K, 57 young (58368K), 1 survivors (1024K)
 Metaspace       used 54494K, committed 55040K, reserved 1114112K
  class space    used 7450K, committed 7680K, reserved 1048576K
}
Event: 50448.739 GC heap after
{Heap after GC invocations=39 (full 0):
 garbage-first heap   total 99328K, used 28339K [0x0000000081600000, 0x0000000100000000)
  region size 1024K, 1 young (1024K), 1 survivors (1024K)
 Metaspace       used 54494K, committed 55040K, reserved 1114112K
  class space    used 7450K, committed 7680K, reserved 1048576K
}
Event: 51823.977 GC heap before
{Heap before GC invocations=39 (full 0):
 garbage-first heap   total 99328K, used 85683K [0x0000000081600000, 0x0000000100000000)
  region size 1024K, 57 young (58368K), 1 survivors (1024K)
 Metaspace       used 54494K, committed 55040K, reserved 1114112K
  class space    used 7450K, committed 7680K, reserved 1048576K
}
Event: 51823.982 GC heap after
{Heap after GC invocations=40 (full 0):
 garbage-first heap   total 99328K, used 28184K [0x0000000081600000, 0x0000000100000000)
  region size 1024K, 1 young (1024K), 1 survivors (1024K)
 Metaspace       used 54494K, committed 55040K, reserved 1114112K
  class space    used 7450K, committed 7680K, reserved 1048576K
}
Event: 56771.088 GC heap before
{Heap before GC invocations=40 (full 0):
 garbage-first heap   total 99328K, used 86552K [0x0000000081600000, 0x0000000100000000)
  region size 1024K, 58 young (59392K), 1 survivors (1024K)
 Metaspace       used 54494K, committed 55040K, reserved 1114112K
  class space    used 7450K, committed 7680K, reserved 1048576K
}
Event: 56771.093 GC heap after
{Heap after GC invocations=41 (full 0):
 garbage-first heap   total 99328K, used 28345K [0x0000000081600000, 0x0000000100000000)
  region size 1024K, 1 young (1024K), 1 survivors (1024K)
 Metaspace       used 54494K, committed 55040K, reserved 1114112K
  class space    used 7450K, committed 7680K, reserved 1048576K
}
Event: 58071.500 GC heap before
{Heap before GC invocations=41 (full 0):
 garbage-first heap   total 99328K, used 85689K [0x0000000081600000, 0x0000000100000000)
  region size 1024K, 57 young (58368K), 1 survivors (1024K)
 Metaspace       used 54494K, committed 55040K, reserved 1114112K
  class space    used 7450K, committed 7680K, reserved 1048576K
}
Event: 58071.505 GC heap after
{Heap after GC invocations=42 (full 0):
 garbage-first heap   total 99328K, used 28434K [0x0000000081600000, 0x0000000100000000)
  region size 1024K, 1 young (1024K), 1 survivors (1024K)
 Metaspace       used 54494K, committed 55040K, reserved 1114112K
  class space    used 7450K, committed 7680K, reserved 1048576K
}
Event: 64795.920 GC heap before
{Heap before GC invocations=42 (full 0):
 garbage-first heap   total 99328K, used 85778K [0x0000000081600000, 0x0000000100000000)
  region size 1024K, 57 young (58368K), 1 survivors (1024K)
 Metaspace       used 54494K, committed 55040K, reserved 1114112K
  class space    used 7450K, committed 7680K, reserved 1048576K
}
Event: 64795.922 GC heap after
{Heap after GC invocations=43 (full 0):
 garbage-first heap   total 99328K, used 27943K [0x0000000081600000, 0x0000000100000000)
  region size 1024K, 1 young (1024K), 1 survivors (1024K)
 Metaspace       used 54494K, committed 55040K, reserved 1114112K
  class space    used 7450K, committed 7680K, reserved 1048576K
}
Event: 66095.702 GC heap before
{Heap before GC invocations=43 (full 0):
 garbage-first heap   total 99328K, used 86311K [0x0000000081600000, 0x0000000100000000)
  region size 1024K, 58 young (59392K), 1 survivors (1024K)
 Metaspace       used 54496K, committed 55040K, reserved 1114112K
  class space    used 7450K, committed 7680K, reserved 1048576K
}
Event: 66095.706 GC heap after
{Heap after GC invocations=44 (full 0):
 garbage-first heap   total 99328K, used 27603K [0x0000000081600000, 0x0000000100000000)
  region size 1024K, 1 young (1024K), 1 survivors (1024K)
 Metaspace       used 54496K, committed 55040K, reserved 1114112K
  class space    used 7450K, committed 7680K, reserved 1048576K
}
Event: 72020.557 GC heap before
{Heap before GC invocations=44 (full 0):
 garbage-first heap   total 99328K, used 85971K [0x0000000081600000, 0x0000000100000000)
  region size 1024K, 58 young (59392K), 1 survivors (1024K)
 Metaspace       used 54500K, committed 55040K, reserved 1114112K
  class space    used 7451K, committed 7680K, reserved 1048576K
}
Event: 72020.562 GC heap after
{Heap after GC invocations=45 (full 0):
 garbage-first heap   total 99328K, used 28272K [0x0000000081600000, 0x0000000100000000)
  region size 1024K, 1 young (1024K), 1 survivors (1024K)
 Metaspace       used 54500K, committed 55040K, reserved 1114112K
  class space    used 7451K, committed 7680K, reserved 1048576K
}
Event: 73362.322 GC heap before
{Heap before GC invocations=45 (full 0):
 garbage-first heap   total 99328K, used 85616K [0x0000000081600000, 0x0000000100000000)
  region size 1024K, 57 young (58368K), 1 survivors (1024K)
 Metaspace       used 54510K, committed 55040K, reserved 1114112K
  class space    used 7453K, committed 7680K, reserved 1048576K
}
Event: 73362.327 GC heap after
{Heap after GC invocations=46 (full 0):
 garbage-first heap   total 99328K, used 28310K [0x0000000081600000, 0x0000000100000000)
  region size 1024K, 1 young (1024K), 1 survivors (1024K)
 Metaspace       used 54510K, committed 55040K, reserved 1114112K
  class space    used 7453K, committed 7680K, reserved 1048576K
}
Event: 78019.556 GC heap before
{Heap before GC invocations=46 (full 0):
 garbage-first heap   total 99328K, used 86678K [0x0000000081600000, 0x0000000100000000)
  region size 1024K, 58 young (59392K), 1 survivors (1024K)
 Metaspace       used 54510K, committed 55040K, reserved 1114112K
  class space    used 7453K, committed 7680K, reserved 1048576K
}
Event: 78019.563 GC heap after
{Heap after GC invocations=47 (full 0):
 garbage-first heap   total 99328K, used 28530K [0x0000000081600000, 0x0000000100000000)
  region size 1024K, 1 young (1024K), 1 survivors (1024K)
 Metaspace       used 54510K, committed 55040K, reserved 1114112K
  class space    used 7453K, committed 7680K, reserved 1048576K
}
Event: 78759.049 GC heap before
{Heap before GC invocations=47 (full 0):
 garbage-first heap   total 99328K, used 60274K [0x0000000081600000, 0x0000000100000000)
  region size 1024K, 33 young (33792K), 1 survivors (1024K)
 Metaspace       used 54597K, committed 55104K, reserved 1114112K
  class space    used 7471K, committed 7680K, reserved 1048576K
}

